\BOOKMARK [1][]{toc.1}{Inhaltsverzeichnis}{}% 1
\BOOKMARK [0][]{chapter*.4}{Abbildungsverzeichnis}{}% 2
\BOOKMARK [0][]{chapter*.5}{Tabellenverzeichnis}{}% 3
\BOOKMARK [0][]{chapter.6}{1 Einleitung}{}% 4
\BOOKMARK [0][]{chapter.7}{2 Numerische Integrationsverfahren f\374r Anfangswertprobleme}{}% 5
\BOOKMARK [1][]{section.12}{2.1 Einschrittverfahren}{chapter.7}% 6
\BOOKMARK [2][]{subsection.13}{2.1.1 Explizites Eulerverfahren}{section.12}% 7
\BOOKMARK [2][]{subsection.18}{2.1.2 Impliztes Eulerverfahren}{section.12}% 8
\BOOKMARK [2][]{subsection.23}{2.1.3 Trapezregel/Heun-Verfahren}{section.12}% 9
\BOOKMARK [2][]{subsection.26}{2.1.4 Runge-Kutta-Verfahren}{section.12}% 10
\BOOKMARK [1][]{section.35}{2.2 Schrittweitensteuerung \(Adaption\)}{chapter.7}% 11
\BOOKMARK [1][]{section.38}{2.3 Eingebettete Runge-Kutta-Verfahren}{chapter.7}% 12
\BOOKMARK [1][]{section.41}{2.4 Mehrschrittverfahren}{chapter.7}% 13
\BOOKMARK [2][]{subsection.46}{2.4.1 Adams-Verfahren/Pr\344diktor-Korrektor-Verfahren}{section.41}% 14
\BOOKMARK [2][]{subsection.47}{2.4.2 BDF-Verfahren}{section.41}% 15
\BOOKMARK [2][]{subsection.48}{2.4.3 Schrittweitensteuerung}{section.41}% 16
\BOOKMARK [2][]{subsection.49}{2.4.4 Extrapolationsverfahren}{section.41}% 17
\BOOKMARK [1][]{section.50}{2.5 Stabilit\344tsanalyse der wichtigsten Methoden}{chapter.7}% 18
\BOOKMARK [1][]{section.51}{2.6 Anwendung der Integrationsmethoden in Simulationssoftware}{chapter.7}% 19
\BOOKMARK [2][]{subsection.52}{2.6.1 PSS Nettomac}{section.51}% 20
\BOOKMARK [2][]{subsection.53}{2.6.2 PowerFactory}{section.51}% 21
\BOOKMARK [2][]{subsection.54}{2.6.3 PSSE}{section.51}% 22
\BOOKMARK [2][]{subsection.55}{2.6.4 Eurostag}{section.51}% 23
\BOOKMARK [0][]{chapter.56}{3 Zusammenfassung und Ausblick}{}% 24
\BOOKMARK [0][]{appendix.57}{A \334berblick einiger Verfahren}{}% 25
\BOOKMARK [1][]{section.58}{A.1 Einschrittverfahren}{appendix.57}% 26
\BOOKMARK [1][]{section.60}{A.2 Eingebettete Runge-Kutta-Verfahren \(Schrittweitensteuerung\)}{appendix.57}% 27
\BOOKMARK [1][]{section.62}{A.3 Mehrschrittverfahren}{appendix.57}% 28
\BOOKMARK [0][]{appendix.64}{B Anhang Teil 2}{}% 29
\BOOKMARK [0][]{appendix.65}{C Anhang Teil 3}{}% 30
\BOOKMARK [0][]{appendix*.66}{Symbol- und Abk\374rzungsverzeichnis}{}% 31
\BOOKMARK [0][]{appendix*.67}{Literaturverzeichnis}{}% 32
