#
# A fatal error has been detected by the Java Runtime Environment:
#
#  Internal Error (os_windows_x86.cpp:114), pid=944, tid=4612
#  Error: guarantee(result == -1,"Unexpected result from topLevelExceptionFilter")
#
# JRE version: 6.0_17-b04
# Java VM: Java HotSpot(TM) 64-Bit Server VM (14.3-b01 mixed mode windows-amd64 )
# If you would like to submit a bug report, please visit:
#   http://java.sun.com/webapps/bugreport/crash.jsp
# The crash happened outside the Java Virtual Machine in native code.
# See problematic frame for where to report the bug.
#

---------------  T H R E A D  ---------------

Current thread (0x0000000001eae800):  JavaThread "main" [_thread_in_native, id=4612, stack(0x0000000000200000,0x0000000001700000)]

Stack: [0x0000000000200000,0x0000000001700000]
[error occurred during error reporting (printing stack bounds), id 0xc0000005]

Java frames: (J=compiled Java code, j=interpreted, Vv=VM code)
j  com.mathworks.jmi.bean.UDDObject.directGetPropertyFromMatlab(JJ)[Ljava/lang/Object;+0
j  com.mathworks.jmi.bean.UDDObject.get_from_Matlab(J)Ljava/lang/Object;+13
j  com.mathworks.jmi.bean.UDDObject.getPropertyValue(Ljava/lang/String;)Ljava/lang/Object;+40
j  com.mathworks.mlwidgets.inspector.PropertyRootNode$PropertyListener.execute(Lcom/mathworks/jmi/bean/UDDObject;Lcom/mathworks/jmi/bean/UDDObject;)V+72
v  ~StubRoutines::call_stub
j  com.mathworks.jmi.bean.UDDObject.directSetPropertyInMatlab(JJLjava/lang/Object;)[Ljava/lang/Object;+0
j  com.mathworks.jmi.bean.UDDObject.set_in_Matlab(JLjava/lang/Object;)V+15
j  com.mathworks.jmi.bean.UDDObject.set_value(JD)V+6
j  specgraph_contourgroupBeanAdapter0.setLevelStep(D)V+5
v  ~StubRoutines::call_stub
j  sun.reflect.NativeMethodAccessorImpl.invoke0(Ljava/lang/reflect/Method;Ljava/lang/Object;[Ljava/lang/Object;)Ljava/lang/Object;+0
j  sun.reflect.NativeMethodAccessorImpl.invoke(Ljava/lang/Object;[Ljava/lang/Object;)Ljava/lang/Object;+87
J  java.lang.reflect.Method.invoke(Ljava/lang/Object;[Ljava/lang/Object;)Ljava/lang/Object;
j  com.mathworks.page.plottool.propertyeditor.BeanManager.setPropertyValue(Ljava/lang/Object;Ljava/beans/PropertyDescriptor;Ljava/lang/Object;)Ljava/lang/Object;+123
j  com.mathworks.page.plottool.propertyeditor.controls.PropertyControl$4.run()V+48
j  com.mathworks.jmi.NativeMatlab.dispatchMTRequests(Z)V+120
v  ~StubRoutines::call_stub

---------------  P R O C E S S  ---------------

Java Threads: ( => current thread )
  0x000000003a92b000 JavaThread "Timer-607" [_thread_blocked, id=4556, stack(0x000000000ff70000,0x000000000fff0000)]
  0x000000003a92c800 JavaThread "Timer queue for AWT thread" daemon [_thread_blocked, id=4444, stack(0x0000000035060000,0x00000000350e0000)]
  0x000000003a92d800 JavaThread "pool-2-thread-1" [_thread_blocked, id=3464, stack(0x000000004aa30000,0x000000004aab0000)]
  0x000000003a929000 JavaThread "Timer-300" [_thread_blocked, id=4272, stack(0x000000000edd0000,0x000000000ee50000)]
  0x000000003a925800 JavaThread "Code Analyzer updating thread" [_thread_blocked, id=6568, stack(0x000000000ed30000,0x000000000edb0000)]
  0x000000003a92c000 JavaThread "Active Reference Queue Daemon" daemon [_thread_blocked, id=5644, stack(0x000000000ebd0000,0x000000000ec50000)]
  0x000000003a929800 JavaThread "Timer-48" daemon [_thread_blocked, id=5680, stack(0x000000000ea30000,0x000000000eab0000)]
  0x000000003a927800 JavaThread "RequestQueue for GenericFileList" [_thread_blocked, id=3244, stack(0x000000000e0f0000,0x000000000e170000)]
  0x000000003a927000 JavaThread "Timer-5" daemon [_thread_blocked, id=5640, stack(0x0000000043840000,0x00000000438c0000)]
  0x000000003a719800 JavaThread "Prefs Updater" daemon [_thread_blocked, id=3328, stack(0x000000003bdc0000,0x000000003be40000)]
  0x0000000039ff9000 JavaThread "FelixPackageAdmin" daemon [_thread_blocked, id=3116, stack(0x000000003be90000,0x000000003bf10000)]
  0x0000000039ff8000 JavaThread "FelixStartLevel" daemon [_thread_blocked, id=6408, stack(0x000000002f9b0000,0x000000002fa30000)]
  0x0000000039d8a800 JavaThread "FelixDispatchQueue" daemon [_thread_blocked, id=5860, stack(0x0000000032590000,0x0000000032610000)]
  0x0000000039f88800 JavaThread "TimerQueue" daemon [_thread_blocked, id=6796, stack(0x0000000037c30000,0x0000000037cb0000)]
  0x000000003a110000 JavaThread "AWT-EventQueue-0" [_thread_blocked, id=5364, stack(0x000000002e3f0000,0x000000002e470000)]
  0x0000000039965800 JavaThread "AWT-Shutdown" [_thread_blocked, id=6544, stack(0x000000000faa0000,0x000000000fb20000)]
  0x0000000039234000 JavaThread "com.google.common.base.internal.Finalizer" daemon [_thread_blocked, id=3092, stack(0x000000002e340000,0x000000002e3c0000)]
  0x0000000039300000 JavaThread "AWT-Windows" daemon [_thread_in_native, id=6428, stack(0x000000000fe30000,0x000000000feb0000)]
  0x000000003927f000 JavaThread "Java2D Disposer" daemon [_thread_blocked, id=4840, stack(0x0000000009dd0000,0x0000000009e50000)]
  0x00000000394bf000 JavaThread "Timer-0" [_thread_blocked, id=4108, stack(0x000000000f980000,0x000000000fa00000)]
  0x0000000039456800 JavaThread "JMI Unnamed Thread" [_thread_in_native, id=4772, stack(0x0000000006de0000,0x00000000082e0000)]
  0x000000000fd6a000 JavaThread "Low Memory Detector" daemon [_thread_blocked, id=6888, stack(0x0000000008850000,0x00000000088d0000)]
  0x000000000fd63000 JavaThread "CompilerThread1" daemon [_thread_blocked, id=5140, stack(0x0000000036630000,0x0000000037b30000)]
  0x000000000fd5d000 JavaThread "CompilerThread0" daemon [_thread_blocked, id=3672, stack(0x00000000350f0000,0x00000000365f0000)]
  0x000000000fd5c800 JavaThread "Attach Listener" daemon [_thread_blocked, id=7080, stack(0x000000000ca90000,0x000000000cb10000)]
  0x000000000fd03800 JavaThread "Finalizer" daemon [_thread_blocked, id=5452, stack(0x0000000006d60000,0x0000000006de0000)]
  0x000000000fcf6000 JavaThread "Reference Handler" daemon [_thread_blocked, id=7056, stack(0x000000000b4c0000,0x000000000b540000)]
=>0x0000000001eae800 JavaThread "main" [_thread_in_native, id=4612, stack(0x0000000000200000,0x0000000001700000)]

Other Threads:
  0x000000000215c800 VMThread [stack: 0x0000000033b50000,0x0000000035050000] [id=1364]
  0x000000000fd86800 WatcherThread [stack: 0x0000000037cf0000,0x00000000391f0000] [id=6280]

VM state:not at safepoint (normal execution)

VM Mutex/Monitor currently owned by a thread: None

Heap
 PSYoungGen      total 33152K, used 461K [0x0000000025b80000, 0x0000000028b30000, 0x0000000028c80000)
  eden space 19776K, 2% used [0x0000000025b80000,0x0000000025bf37f8,0x0000000026ed0000)
  from space 13376K, 0% used [0x0000000026ed0000,0x0000000026ed0000,0x0000000027be0000)
  to   space 13376K, 0% used [0x0000000027e20000,0x0000000027e20000,0x0000000028b30000)
 PSOldGen        total 150528K, used 144436K [0x000000001c880000, 0x0000000025b80000, 0x0000000025b80000)
  object space 150528K, 95% used [0x000000001c880000,0x000000002558d120,0x0000000025b80000)
 PSPermGen       total 110720K, used 70557K [0x0000000014880000, 0x000000001b4a0000, 0x000000001c880000)
  object space 110720K, 63% used [0x0000000014880000,0x0000000018d676d8,0x000000001b4a0000)

Dynamic libraries:
0x000000013f600000 - 0x000000013f629000 	C:\Program Files\MATLAB\R2011a\bin\win64\MATLAB.exe
0x00000000775a0000 - 0x0000000077749000 	C:\Windows\SYSTEM32\ntdll.dll
0x0000000077380000 - 0x000000007749f000 	C:\Windows\system32\kernel32.dll
0x000007fefd620000 - 0x000007fefd68b000 	C:\Windows\system32\KERNELBASE.dll
0x0000000074460000 - 0x0000000074569000 	C:\Program Files\MATLAB\R2011a\bin\win64\libut.dll
0x00000000758a0000 - 0x0000000075920000 	C:\Program Files\MATLAB\R2011a\bin\win64\libmwi18n.dll
0x0000000180000000 - 0x000000018000b000 	C:\Program Files\MATLAB\R2011a\bin\win64\libmwresource_core.dll
0x0000000070970000 - 0x0000000070a43000 	C:\Windows\WinSxS\amd64_microsoft.vc90.crt_1fc8b3b9a1e18e3b_9.0.30729.6161_none_08e61857a83bc251\MSVCP90.dll
0x00000000708c0000 - 0x0000000070963000 	C:\Windows\WinSxS\amd64_microsoft.vc90.crt_1fc8b3b9a1e18e3b_9.0.30729.6161_none_08e61857a83bc251\MSVCR90.dll
0x000000007a3b0000 - 0x000000007a3c0000 	C:\Program Files\MATLAB\R2011a\bin\win64\boost_date_time-vc90-mt-1_40.dll
0x000000007a170000 - 0x000000007a189000 	C:\Program Files\MATLAB\R2011a\bin\win64\boost_filesystem-vc90-mt-1_40.dll
0x000000007a560000 - 0x000000007a569000 	C:\Program Files\MATLAB\R2011a\bin\win64\boost_system-vc90-mt-1_40.dll
0x000000007a2d0000 - 0x000000007a2e2000 	C:\Program Files\MATLAB\R2011a\bin\win64\boost_thread-vc90-mt-1_40.dll
0x000000007a010000 - 0x000000007a035000 	C:\Program Files\MATLAB\R2011a\bin\win64\LIBEXPAT.dll
0x00000000739d0000 - 0x0000000073b8c000 	C:\Program Files\MATLAB\R2011a\bin\win64\icuin42.dll
0x00000000740b0000 - 0x0000000074223000 	C:\Program Files\MATLAB\R2011a\bin\win64\icuuc42.dll
0x000007feff650000 - 0x000007feff72b000 	C:\Windows\system32\ADVAPI32.dll
0x000007fefd7b0000 - 0x000007fefd84f000 	C:\Windows\system32\msvcrt.dll
0x000007feff740000 - 0x000007feff75f000 	C:\Windows\SYSTEM32\sechost.dll
0x000007fefd8a0000 - 0x000007fefd9cd000 	C:\Windows\system32\RPCRT4.dll
0x0000000010000000 - 0x0000000010f47000 	C:\Program Files\MATLAB\R2011a\bin\win64\icudt42.dll
0x0000000073f70000 - 0x000000007407d000 	C:\Program Files\MATLAB\R2011a\bin\win64\libmwfl.dll
0x0000000001700000 - 0x0000000001793000 	C:\Program Files\MATLAB\R2011a\bin\win64\libmwMATLAB_res.dll
0x000000007a250000 - 0x000000007a263000 	C:\Program Files\MATLAB\R2011a\bin\win64\boost_signals-vc90-mt-1_40.dll
0x0000000000190000 - 0x00000000001d6000 	C:\Program Files\MATLAB\R2011a\bin\win64\tbb.dll
0x000007feff130000 - 0x000007feff149000 	C:\Windows\system32\imagehlp.dll
0x0000000077760000 - 0x0000000077767000 	C:\Windows\system32\PSAPI.DLL
0x000000007a3d0000 - 0x000000007a3e3000 	C:\Program Files\MATLAB\R2011a\bin\win64\icuio42.dll
0x000007fef6ec0000 - 0x000007fef6fe5000 	C:\Windows\system32\dbghelp.dll
0x00000000774a0000 - 0x000000007759a000 	C:\Windows\system32\USER32.dll
0x000007feff840000 - 0x000007feff8a7000 	C:\Windows\system32\GDI32.dll
0x000007feff640000 - 0x000007feff64e000 	C:\Windows\system32\LPK.dll
0x000007feff030000 - 0x000007feff0f9000 	C:\Windows\system32\USP10.dll
0x000000007bed0000 - 0x000000007c0f5000 	C:\Program Files\MATLAB\R2011a\bin\win64\libmwservices.dll
0x0000000075a20000 - 0x0000000075ab2000 	C:\Program Files\MATLAB\R2011a\bin\win64\libmx.dll
0x000000007a210000 - 0x000000007a226000 	C:\Program Files\MATLAB\R2011a\bin\win64\zlib1.dll
0x0000000074330000 - 0x000000007444b000 	C:\Program Files\MATLAB\R2011a\bin\win64\libmwmathutil.dll
0x0000000069440000 - 0x0000000069494000 	C:\Program Files\MATLAB\R2011a\bin\win64\mpath.dll
0x000000007b680000 - 0x000000007b982000 	C:\Program Files\MATLAB\R2011a\bin\win64\mlutil.dll
0x00000000693b0000 - 0x0000000069432000 	C:\Program Files\MATLAB\R2011a\bin\win64\xmlcore.dll
0x000000007bc30000 - 0x000000007be83000 	C:\Program Files\MATLAB\R2011a\bin\win64\xerces-c_2_7.dll
0x000007fefd850000 - 0x000007fefd89d000 	C:\Windows\system32\WS2_32.dll
0x000007feff730000 - 0x000007feff738000 	C:\Windows\system32\NSI.dll
0x000007fefe010000 - 0x000007fefed98000 	C:\Windows\system32\SHELL32.dll
0x000007fefdcc0000 - 0x000007fefdd31000 	C:\Windows\system32\SHLWAPI.dll
0x000007fef3de0000 - 0x000007fef3e80000 	C:\Windows\WinSxS\amd64_microsoft.windows.common-controls_6595b64144ccf1df_5.82.7601.18201_none_a4d3b9377117c3df\COMCTL32.dll
0x000007fefdf70000 - 0x000007fefe007000 	C:\Windows\system32\COMDLG32.dll
0x000007fefa180000 - 0x000007fefa196000 	C:\Windows\system32\NETAPI32.dll
0x000007fefa170000 - 0x000007fefa17c000 	C:\Windows\system32\netutils.dll
0x000007fefcef0000 - 0x000007fefcf13000 	C:\Windows\system32\srvcli.dll
0x000007fefa150000 - 0x000007fefa165000 	C:\Windows\system32\wkscli.dll
0x000007fefd9d0000 - 0x000007fefdbd3000 	C:\Windows\system32\ole32.dll
0x000007fefdbe0000 - 0x000007fefdcb7000 	C:\Windows\system32\OLEAUT32.dll
0x0000000074970000 - 0x0000000074a34000 	C:\Program Files\MATLAB\R2011a\bin\win64\mcr.dll
0x0000000075000000 - 0x00000000750e4000 	C:\Program Files\MATLAB\R2011a\bin\win64\iqm.dll
0x0000000068c10000 - 0x00000000693ac000 	C:\Program Files\MATLAB\R2011a\bin\win64\m_interpreter.dll
0x000000006cce0000 - 0x000000006ccef000 	C:\Program Files\MATLAB\R2011a\bin\win64\libmex.dll
0x0000000068b60000 - 0x0000000068c04000 	C:\Program Files\MATLAB\R2011a\bin\win64\m_dispatcher.dll
0x0000000074880000 - 0x0000000074945000 	C:\Program Files\MATLAB\R2011a\bin\win64\boost_regex-vc90-mt-1_40.dll
0x0000000068ae0000 - 0x0000000068b5f000 	C:\Program Files\MATLAB\R2011a\bin\win64\profiler.dll
0x0000000079f40000 - 0x0000000079f6c000 	C:\Program Files\MATLAB\R2011a\bin\win64\libmwmathrng.dll
0x00000000694e0000 - 0x0000000069500000 	C:\Program Files\MATLAB\R2011a\bin\win64\m_pcodeio.dll
0x0000000079b10000 - 0x0000000079b71000 	C:\Program Files\MATLAB\R2011a\bin\win64\m_ir.dll
0x0000000066bb0000 - 0x00000000671eb000 	C:\Program Files\MATLAB\R2011a\bin\win64\m_parser.dll
0x00000000694c0000 - 0x00000000694d9000 	C:\Program Files\MATLAB\R2011a\bin\win64\ir_xfmr.dll
0x0000000067750000 - 0x000000006799b000 	C:\Program Files\MATLAB\R2011a\bin\win64\mcos.dll
0x000000006ccd0000 - 0x000000006ccdc000 	C:\Program Files\MATLAB\R2011a\bin\win64\mtok.dll
0x0000000068ab0000 - 0x0000000068adb000 	C:\Program Files\MATLAB\R2011a\bin\win64\m_pcodegen.dll
0x0000000076160000 - 0x00000000761c2000 	C:\Program Files\MATLAB\R2011a\bin\win64\libmwspmatrix.dll
0x0000000079fb0000 - 0x0000000079fde000 	C:\Program Files\MATLAB\R2011a\bin\win64\libmwbridge.dll
0x00000000689f0000 - 0x0000000068aa9000 	C:\Program Files\MATLAB\R2011a\bin\win64\udd.dll
0x0000000067fa0000 - 0x00000000680e1000 	C:\Program Files\MATLAB\R2011a\bin\win64\libmwgui.dll
0x00000000694a0000 - 0x00000000694b7000 	C:\Program Files\MATLAB\R2011a\bin\win64\graphics_util.dll
0x0000000066330000 - 0x0000000066bb0000 	C:\Program Files\MATLAB\R2011a\bin\win64\hg.dll
0x0000000076100000 - 0x000000007614f000 	C:\Program Files\MATLAB\R2011a\bin\win64\libmat.dll
0x0000000072d30000 - 0x0000000072f33000 	C:\Program Files\MATLAB\R2011a\bin\win64\libhdf5.dll
0x0000000068970000 - 0x00000000689eb000 	C:\Program Files\MATLAB\R2011a\bin\win64\jmi.dll
0x0000000001a90000 - 0x0000000001a9e000 	C:\Program Files\MATLAB\R2011a\bin\win64\nativejava_services.dll
0x0000000067710000 - 0x000000006774c000 	C:\Program Files\MATLAB\R2011a\bin\win64\libmwhardcopy.dll
0x00000000676b0000 - 0x0000000067708000 	C:\Program Files\MATLAB\R2011a\bin\win64\libuij.dll
0x00000000674c0000 - 0x00000000676a3000 	C:\Program Files\MATLAB\R2011a\bin\win64\hgdatatypes.dll
0x0000000067400000 - 0x00000000674bc000 	C:\Program Files\MATLAB\R2011a\bin\win64\hgutils.dll
0x0000000067380000 - 0x00000000673fc000 	C:\Program Files\MATLAB\R2011a\bin\win64\libmwlapack.dll
0x0000000068950000 - 0x0000000068962000 	C:\Program Files\MATLAB\R2011a\bin\win64\libmwbinder.dll
0x0000000071720000 - 0x000000007172b000 	C:\Program Files\MATLAB\R2011a\bin\win64\libmwompwrapper.dll
0x0000000001b20000 - 0x0000000001de4000 	C:\Program Files\MATLAB\R2011a\bin\win64\uiw.dll
0x0000000069560000 - 0x000000006956a000 	C:\Program Files\MATLAB\R2011a\bin\win64\uinone.dll
0x0000000065e40000 - 0x0000000066324000 	C:\Windows\WinSxS\amd64_microsoft.vc90.mfc_1fc8b3b9a1e18e3b_9.0.30729.6161_none_044aad0bab1eb146\mfc90.dll
0x000007feef4e0000 - 0x000007feef4e7000 	C:\Windows\system32\MSIMG32.dll
0x000007fef64a0000 - 0x000007fef6511000 	C:\Windows\system32\WINSPOOL.DRV
0x0000000065d90000 - 0x0000000065e39000 	C:\Program Files\MATLAB\R2011a\bin\win64\udd_mi.dll
0x0000000067f80000 - 0x0000000067f9b000 	C:\Program Files\MATLAB\R2011a\bin\win64\mwoles05.DLL
0x0000000067310000 - 0x000000006737e000 	C:\Program Files\MATLAB\R2011a\bin\win64\comcli.dll
0x0000000065d60000 - 0x0000000065d8f000 	C:\Windows\WinSxS\amd64_microsoft.vc90.atl_1fc8b3b9a1e18e3b_9.0.30729.6161_none_0a1fd3a3a768b895\ATL90.DLL
0x0000000067ee0000 - 0x0000000067eec000 	C:\Program Files\MATLAB\R2011a\bin\win64\mlautoregister.dll
0x0000000001e50000 - 0x0000000001e5d000 	C:\Program Files\MATLAB\R2011a\bin\win64\boost_iostreams-vc90-mt-1_40.dll
0x000007feff100000 - 0x000007feff12e000 	C:\Windows\system32\IMM32.DLL
0x000007feff530000 - 0x000007feff639000 	C:\Windows\system32\MSCTF.dll
0x000007fefba80000 - 0x000007fefbad6000 	C:\Windows\system32\UxTheme.dll
0x000007fefb660000 - 0x000007fefb678000 	C:\Windows\system32\dwmapi.dll
0x0000000065d50000 - 0x0000000065d5f000 	C:\Windows\WinSxS\amd64_microsoft.vc90.mfcloc_1fc8b3b9a1e18e3b_9.0.30729.6161_none_01c9581e60cbee58\MFC90DEU.DLL
0x0000000001ec0000 - 0x0000000001f0e000 	C:\Program Files\Babylon\Babylon-Pro\Captlib64.dll
0x000007fef4c50000 - 0x000007fef4ca4000 	C:\Windows\system32\OLEACC.dll
0x000007fefdd40000 - 0x000007fefdf6d000 	C:\Windows\system32\WININET.dll
0x000007fefd760000 - 0x000007fefd764000 	C:\Windows\system32\api-ms-win-downlevel-user32-l1-1-0.dll
0x000007fefd730000 - 0x000007fefd735000 	C:\Windows\system32\api-ms-win-downlevel-advapi32-l1-1-0.dll
0x000007fefd450000 - 0x000007fefd454000 	C:\Windows\system32\api-ms-win-downlevel-shlwapi-l1-1-0.dll
0x000007fefd460000 - 0x000007fefd464000 	C:\Windows\system32\api-ms-win-downlevel-version-l1-1-0.dll
0x000007fefc280000 - 0x000007fefc28c000 	C:\Windows\system32\version.DLL
0x000007fefd430000 - 0x000007fefd433000 	C:\Windows\system32\api-ms-win-downlevel-normaliz-l1-1-0.dll
0x0000000077770000 - 0x0000000077773000 	C:\Windows\system32\normaliz.DLL
0x000007fefeda0000 - 0x000007feff02c000 	C:\Windows\system32\iertutil.dll
0x00000000021d0000 - 0x00000000021f9000 	C:\Program Files\MATLAB\R2011a\bin\win64\tbbmalloc.dll
0x0000000002250000 - 0x000000000229d000 	C:\Program Files (x86)\Common Files\Intel\Shared Libraries\redist\intel64\compiler\cilkrts20.dll
0x000007fefd380000 - 0x000007fefd38f000 	C:\Windows\system32\profapi.dll
0x000007fefc500000 - 0x000007fefc527000 	C:\Windows\system32\iphlpapi.dll
0x000007fefc4f0000 - 0x000007fefc4fb000 	C:\Windows\system32\WINNSI.DLL
0x000007fefca70000 - 0x000007fefcacb000 	C:\Windows\system32\DNSAPI.dll
0x000007fef95b0000 - 0x000007fef95c8000 	C:\Windows\system32\dhcpcsvc.DLL
0x000007fef9590000 - 0x000007fef95a1000 	C:\Windows\system32\dhcpcsvc6.DLL
0x0000000065d40000 - 0x0000000065d43000 	C:\Windows\system32\icmp.Dll
0x000007fefd2b0000 - 0x000007fefd2bf000 	C:\Windows\system32\CRYPTBASE.dll
0x000007fefd470000 - 0x000007fefd4a6000 	C:\Windows\system32\CFGMGR32.dll
0x0000000078870000 - 0x0000000078ecd000 	C:\Program Files\MATLAB\R2011a\sys\java\jre\win64\jre\bin\server\jvm.dll
0x000007fefb040000 - 0x000007fefb07b000 	C:\Windows\system32\WINMM.dll
0x000000007a440000 - 0x000000007a44e000 	C:\Program Files\MATLAB\R2011a\sys\java\jre\win64\jre\bin\verify.dll
0x000000007a070000 - 0x000000007a097000 	C:\Program Files\MATLAB\R2011a\sys\java\jre\win64\jre\bin\java.dll
0x000000007a540000 - 0x000000007a54a000 	C:\Program Files\MATLAB\R2011a\sys\java\jre\win64\jre\bin\hpi.dll

VM Arguments:
jvm_args: -Xss512k -XX:PermSize=32m -Xms64m -XX:NewRatio=3 -XX:MaxPermSize=128m -Xmx196m -XX:MaxDirectMemorySize=2147400000 -Dsun.java2d.noddraw=true -Dsun.awt.nopixfmt=true -Xshare:off -Xrs -Dsun.awt.disableMixing=true -Djava.library.path=C:\Program Files\MATLAB\R2011a\bin\win64 vfprintf abort 
java_command: <unknown>
Launcher Type: generic

Environment Variables:
CLASSPATH=.;C:\Program Files (x86)\Java\jre7\lib\ext\QTJava.zip
PATH=C:\Program Files (x86)\Common Files\Intel\Shared Libraries\redist\intel64\compiler;C:\Program Files (x86)\Common Files\Intel\Shared Libraries\redist\ia32\compiler;C:\Program Files\MATLAB\R2011a\bin;C:\Program Files\MATLAB\R2011a\bin\win64;C:\Perl64\site\bin;C:\Perl64\bin;C:\Program Files\Common Files\Microsoft Shared\Windows Live;C:\Program Files (x86)\Common Files\Microsoft Shared\Windows Live;C:\Program Files (x86)\PC Connectivity Solution\;C:\Program Files (x86)\MiKTeX 2.9\miktex\bin;C:\Program Files (x86)\NVIDIA Corporation\PhysX\Common;C:\Program Files (x86)\AMD APP\bin\x86_64;C:\Program Files (x86)\AMD APP\bin\x86;C:\Windows\system32;C:\Windows;C:\Windows\System32\Wbem;C:\Windows\System32\WindowsPowerShell\v1.0\;C:\Program Files (x86)\ATI Technologies\ATI.ACE\Core-Static;C:\Program Files\MATLAB\R2011a\runtime\win64;C:\Program Files\MATLAB\R2011a\bin;C:\Program Files (x86)\QuickTime\QTSystem;C:\"Program Files (x86)"\gs\gs9.05\bin;C:\Program Files (x86)\Windows Live\Shared;C:\Program Files (x86)\Git\cmd;C:\Sonstiges\Studium\8. Semester\DES Seminar\FAUDES\libFAUDES;C:\Program Files (x86)\QuickTime\QTSystem\;C:\Program Files (x86)\Graphviz 2.28\bin;C:\Program Files\TortoiseGit\bin;C:\Users\Baum\AppData\Roaming\MiKTeX\2.9\miktex/bin\;C:\Sonstiges\Studium\8. Semester\DES Seminar\FAUDES\libFAUDES;
USERNAME=Baum
OS=Windows_NT
PROCESSOR_IDENTIFIER=Intel64 Family 6 Model 30 Stepping 5, GenuineIntel



---------------  S Y S T E M  ---------------

OS: Windows 7 Build 7601 Service Pack 1

CPU:total 8 (8 cores per cpu, 2 threads per core) family 6 model 30 stepping 5, cmov, cx8, fxsr, mmx, sse, sse2, sse3, ssse3, sse4.1, sse4.2, ht

Memory: 4k page, physical 4182528k(1476104k free), swap 8363192k(4974200k free)

vm_info: Java HotSpot(TM) 64-Bit Server VM (14.3-b01) for windows-amd64 JRE (1.6.0_17-b04), built on Oct 11 2009 00:46:08 by "java_re" with MS VC++ 8.0

time: Fri Nov 22 10:07:35 2013
elapsed time: 1605 seconds

